1669842997212	geckodriver	INFO	Listening on 127.0.0.1:62636
1669843000214	mozrunner::runner	INFO	Running command: "C:\\Program Files\\Mozilla Firefox\\firefox.exe" "--marionette" "--remote-debugging-port" "62637" "--remote-allow-hosts" "localhost" "-no-remote" "-profile" "C:\\Users\\Ryoma\\AppData\\Local\\Temp\\rust_mozprofileRZCeiG"
1669843001110	Marionette	INFO	Marionette enabled
1669843001124	Marionette	INFO	Listening on port 62646
Read port: 62646
WebDriver BiDi listening on ws://127.0.0.1:62637
1669843001445	RemoteAgent	WARN	TLS certificate errors will be ignored for this session
console.warn: SearchSettings: "get: No settings file exists, new profile?" (new NotFoundError("Could not open the file at C:\\Users\\Ryoma\\AppData\\Local\\Temp\\rust_mozprofileRZCeiG\\search.json.mozlz4", (void 0)))
DevTools listening on ws://127.0.0.1:62637/devtools/browser/3b0fffd0-ee6c-44f9-a544-a925febe1e45
JavaScript error: resource://gre/modules/URIFixup.sys.mjs, line 304: NS_ERROR_FAILURE: Should pass a non-null uri
JavaScript warning: https://static.xx.fbcdn.net/rsrc.php/v3i2_p4/yF/l/es_ES/SZ027T49Sw5.js?_nc_x=Ij3Wp8lg5Kz, line 20: WEBGL_debug_renderer_info is deprecated in Firefox and will be removed. Please use RENDERER.
console.warn: LoginRecipes: "Falling back to a synchronous message for: https://www.facebook.com."
console.warn: LoginRecipes: "Falling back to a synchronous message for: https://www.facebook.com."
JavaScript warning: https://static.xx.fbcdn.net/rsrc.php/v3iEfs4/yn/l/es_LA/SZ027T49Sw5.js?_nc_x=Ij3Wp8lg5Kz, line 20: WEBGL_debug_renderer_info is deprecated in Firefox and will be removed. Please use RENDERER.
JavaScript warning: https://static.xx.fbcdn.net/rsrc.php/v3i72i4/yH/l/makehaste_jhash/F60p7e3q_BI.js?_nc_x=92StPt8c0FV, line 142: WEBGL_debug_renderer_info is deprecated in Firefox and will be removed. Please use RENDERER.
console.warn: LoginRecipes: "Falling back to a synchronous message for: https://www.facebook.com."
console.warn: LoginRecipes: "Falling back to a synchronous message for: https://www.facebook.com."
JavaScript error: https://static.xx.fbcdn.net/rsrc.php/v3iFEq4/yR/l/makehaste_jhash/9ioKKCbPP7UT3fHalmZudKtuWbPXBSdZJsE7Wfgq5ga6R1RgOtGiBHjQ5EVLQU0sPOC1plh6p5pb8P3O6eS7XtXvRG4p7zBeLEPWZmQdDoMHKs7zFxen-x9Ykeov9oWduFUNG6hY5dR6Vfc.js?_nc_x=92StPt8c0FV, line 881: Error: Minified React error #418; visit https://reactjs.org/docs/error-decoder.html?invariant=418 for the full message or use the non-minified dev environment for full errors and additional helpful warnings.
JavaScript error: https://static.xx.fbcdn.net/rsrc.php/v3iFEq4/yR/l/makehaste_jhash/9ioKKCbPP7UT3fHalmZudKtuWbPXBSdZJsE7Wfgq5ga6R1RgOtGiBHjQ5EVLQU0sPOC1plh6p5pb8P3O6eS7XtXvRG4p7zBeLEPWZmQdDoMHKs7zFxen-x9Ykeov9oWduFUNG6hY5dR6Vfc.js?_nc_x=92StPt8c0FV, line 881: Error: Minified React error #422; visit https://reactjs.org/docs/error-decoder.html?invariant=422 for the full message or use the non-minified dev environment for full errors and additional helpful warnings.
JavaScript error: https://static.xx.fbcdn.net/rsrc.php/v3iFEq4/yR/l/makehaste_jhash/9ioKKCbPP7UT3fHalmZudKtuWbPXBSdZJsE7Wfgq5ga6R1RgOtGiBHjQ5EVLQU0sPOC1plh6p5pb8P3O6eS7XtXvRG4p7zBeLEPWZmQdDoMHKs7zFxen-x9Ykeov9oWduFUNG6hY5dR6Vfc.js?_nc_x=92StPt8c0FV, line 881: Error: Minified React error #418; visit https://reactjs.org/docs/error-decoder.html?invariant=418 for the full message or use the non-minified dev environment for full errors and additional helpful warnings.
JavaScript error: https://static.xx.fbcdn.net/rsrc.php/v3iFEq4/yR/l/makehaste_jhash/9ioKKCbPP7UT3fHalmZudKtuWbPXBSdZJsE7Wfgq5ga6R1RgOtGiBHjQ5EVLQU0sPOC1plh6p5pb8P3O6eS7XtXvRG4p7zBeLEPWZmQdDoMHKs7zFxen-x9Ykeov9oWduFUNG6hY5dR6Vfc.js?_nc_x=92StPt8c0FV, line 881: Error: Minified React error #422; visit https://reactjs.org/docs/error-decoder.html?invariant=422 for the full message or use the non-minified dev environment for full errors and additional helpful warnings.
JavaScript error: https://static.xx.fbcdn.net/rsrc.php/v3iFEq4/yR/l/makehaste_jhash/9ioKKCbPP7UT3fHalmZudKtuWbPXBSdZJsE7Wfgq5ga6R1RgOtGiBHjQ5EVLQU0sPOC1plh6p5pb8P3O6eS7XtXvRG4p7zBeLEPWZmQdDoMHKs7zFxen-x9Ykeov9oWduFUNG6hY5dR6Vfc.js?_nc_x=92StPt8c0FV, line 881: Error: Minified React error #418; visit https://reactjs.org/docs/error-decoder.html?invariant=418 for the full message or use the non-minified dev environment for full errors and additional helpful warnings.
JavaScript error: https://static.xx.fbcdn.net/rsrc.php/v3iFEq4/yR/l/makehaste_jhash/9ioKKCbPP7UT3fHalmZudKtuWbPXBSdZJsE7Wfgq5ga6R1RgOtGiBHjQ5EVLQU0sPOC1plh6p5pb8P3O6eS7XtXvRG4p7zBeLEPWZmQdDoMHKs7zFxen-x9Ykeov9oWduFUNG6hY5dR6Vfc.js?_nc_x=92StPt8c0FV, line 881: Error: Minified React error #422; visit https://reactjs.org/docs/error-decoder.html?invariant=422 for the full message or use the non-minified dev environment for full errors and additional helpful warnings.
JavaScript error: https://static.xx.fbcdn.net/rsrc.php/v3iFEq4/yR/l/makehaste_jhash/9ioKKCbPP7UT3fHalmZudKtuWbPXBSdZJsE7Wfgq5ga6R1RgOtGiBHjQ5EVLQU0sPOC1plh6p5pb8P3O6eS7XtXvRG4p7zBeLEPWZmQdDoMHKs7zFxen-x9Ykeov9oWduFUNG6hY5dR6Vfc.js?_nc_x=92StPt8c0FV, line 881: Error: Minified React error #418; visit https://reactjs.org/docs/error-decoder.html?invariant=418 for the full message or use the non-minified dev environment for full errors and additional helpful warnings.
JavaScript error: https://static.xx.fbcdn.net/rsrc.php/v3iFEq4/yR/l/makehaste_jhash/9ioKKCbPP7UT3fHalmZudKtuWbPXBSdZJsE7Wfgq5ga6R1RgOtGiBHjQ5EVLQU0sPOC1plh6p5pb8P3O6eS7XtXvRG4p7zBeLEPWZmQdDoMHKs7zFxen-x9Ykeov9oWduFUNG6hY5dR6Vfc.js?_nc_x=92StPt8c0FV, line 881: Error: Minified React error #422; visit https://reactjs.org/docs/error-decoder.html?invariant=422 for the full message or use the non-minified dev environment for full errors and additional helpful warnings.
1669843293541	Marionette	WARN	TimedPromise timed out after 500 ms: stacktrace:
TimedPromise/<@chrome://remote/content/marionette/sync.sys.mjs:220:24
TimedPromise@chrome://remote/content/marionette/sync.sys.mjs:205:10
interaction.flushEventLoop@chrome://remote/content/marionette/interaction.sys.mjs:425:10
webdriverClickElement@chrome://remote/content/marionette/interaction.sys.mjs:173:31
JavaScript error: https://static.xx.fbcdn.net/rsrc.php/v3iFEq4/yR/l/makehaste_jhash/9ioKKCbPP7UT3fHalmZudKtuWbPXBSdZJsE7Wfgq5ga6R1RgOtGiBHjQ5EVLQU0sPOC1plh6p5pb8P3O6eS7XtXvRG4p7zBeLEPWZmQdDoMHKs7zFxen-x9Ykeov9oWduFUNG6hY5dR6Vfc.js?_nc_x=92StPt8c0FV, line 881: Error: Minified React error #418; visit https://reactjs.org/docs/error-decoder.html?invariant=418 for the full message or use the non-minified dev environment for full errors and additional helpful warnings.
JavaScript error: https://static.xx.fbcdn.net/rsrc.php/v3iFEq4/yR/l/makehaste_jhash/9ioKKCbPP7UT3fHalmZudKtuWbPXBSdZJsE7Wfgq5ga6R1RgOtGiBHjQ5EVLQU0sPOC1plh6p5pb8P3O6eS7XtXvRG4p7zBeLEPWZmQdDoMHKs7zFxen-x9Ykeov9oWduFUNG6hY5dR6Vfc.js?_nc_x=92StPt8c0FV, line 881: Error: Minified React error #422; visit https://reactjs.org/docs/error-decoder.html?invariant=422 for the full message or use the non-minified dev environment for full errors and additional helpful warnings.
JavaScript error: https://static.xx.fbcdn.net/rsrc.php/v3iFEq4/yR/l/makehaste_jhash/9ioKKCbPP7UT3fHalmZudKtuWbPXBSdZJsE7Wfgq5ga6R1RgOtGiBHjQ5EVLQU0sPOC1plh6p5pb8P3O6eS7XtXvRG4p7zBeLEPWZmQdDoMHKs7zFxen-x9Ykeov9oWduFUNG6hY5dR6Vfc.js?_nc_x=92StPt8c0FV, line 881: Error: Minified React error #418; visit https://reactjs.org/docs/error-decoder.html?invariant=418 for the full message or use the non-minified dev environment for full errors and additional helpful warnings.
JavaScript error: https://static.xx.fbcdn.net/rsrc.php/v3iFEq4/yR/l/makehaste_jhash/9ioKKCbPP7UT3fHalmZudKtuWbPXBSdZJsE7Wfgq5ga6R1RgOtGiBHjQ5EVLQU0sPOC1plh6p5pb8P3O6eS7XtXvRG4p7zBeLEPWZmQdDoMHKs7zFxen-x9Ykeov9oWduFUNG6hY5dR6Vfc.js?_nc_x=92StPt8c0FV, line 881: Error: Minified React error #422; visit https://reactjs.org/docs/error-decoder.html?invariant=422 for the full message or use the non-minified dev environment for full errors and additional helpful warnings.
JavaScript error: https://static.xx.fbcdn.net/rsrc.php/v3iFEq4/yR/l/makehaste_jhash/9ioKKCbPP7UT3fHalmZudKtuWbPXBSdZJsE7Wfgq5ga6R1RgOtGiBHjQ5EVLQU0sPOC1plh6p5pb8P3O6eS7XtXvRG4p7zBeLEPWZmQdDoMHKs7zFxen-x9Ykeov9oWduFUNG6hY5dR6Vfc.js?_nc_x=92StPt8c0FV, line 881: Error: Minified React error #418; visit https://reactjs.org/docs/error-decoder.html?invariant=418 for the full message or use the non-minified dev environment for full errors and additional helpful warnings.
JavaScript error: https://static.xx.fbcdn.net/rsrc.php/v3iFEq4/yR/l/makehaste_jhash/9ioKKCbPP7UT3fHalmZudKtuWbPXBSdZJsE7Wfgq5ga6R1RgOtGiBHjQ5EVLQU0sPOC1plh6p5pb8P3O6eS7XtXvRG4p7zBeLEPWZmQdDoMHKs7zFxen-x9Ykeov9oWduFUNG6hY5dR6Vfc.js?_nc_x=92StPt8c0FV, line 881: Error: Minified React error #422; visit https://reactjs.org/docs/error-decoder.html?invariant=422 for the full message or use the non-minified dev environment for full errors and additional helpful warnings.
1669843525094	Marionette	WARN	TimedPromise timed out after 500 ms: stacktrace:
TimedPromise/<@chrome://remote/content/marionette/sync.sys.mjs:220:24
TimedPromise@chrome://remote/content/marionette/sync.sys.mjs:205:10
interaction.flushEventLoop@chrome://remote/content/marionette/interaction.sys.mjs:425:10
webdriverClickElement@chrome://remote/content/marionette/interaction.sys.mjs:173:31
JavaScript error: https://static.xx.fbcdn.net/rsrc.php/v3iFEq4/yR/l/makehaste_jhash/9ioKKCbPP7UT3fHalmZudKtuWbPXBSdZJsE7Wfgq5ga6R1RgOtGiBHjQ5EVLQU0sPOC1plh6p5pb8P3O6eS7XtXvRG4p7zBeLEPWZmQdDoMHKs7zFxen-x9Ykeov9oWduFUNG6hY5dR6Vfc.js?_nc_x=92StPt8c0FV, line 881: Error: Minified React error #418; visit https://reactjs.org/docs/error-decoder.html?invariant=418 for the full message or use the non-minified dev environment for full errors and additional helpful warnings.
JavaScript error: https://static.xx.fbcdn.net/rsrc.php/v3iFEq4/yR/l/makehaste_jhash/9ioKKCbPP7UT3fHalmZudKtuWbPXBSdZJsE7Wfgq5ga6R1RgOtGiBHjQ5EVLQU0sPOC1plh6p5pb8P3O6eS7XtXvRG4p7zBeLEPWZmQdDoMHKs7zFxen-x9Ykeov9oWduFUNG6hY5dR6Vfc.js?_nc_x=92StPt8c0FV, line 881: Error: Minified React error #422; visit https://reactjs.org/docs/error-decoder.html?invariant=422 for the full message or use the non-minified dev environment for full errors and additional helpful warnings.
JavaScript error: https://static.xx.fbcdn.net/rsrc.php/v3iFEq4/yR/l/makehaste_jhash/9ioKKCbPP7UT3fHalmZudKtuWbPXBSdZJsE7Wfgq5ga6R1RgOtGiBHjQ5EVLQU0sPOC1plh6p5pb8P3O6eS7XtXvRG4p7zBeLEPWZmQdDoMHKs7zFxen-x9Ykeov9oWduFUNG6hY5dR6Vfc.js?_nc_x=92StPt8c0FV, line 881: Error: Minified React error #418; visit https://reactjs.org/docs/error-decoder.html?invariant=418 for the full message or use the non-minified dev environment for full errors and additional helpful warnings.
JavaScript error: https://static.xx.fbcdn.net/rsrc.php/v3iFEq4/yR/l/makehaste_jhash/9ioKKCbPP7UT3fHalmZudKtuWbPXBSdZJsE7Wfgq5ga6R1RgOtGiBHjQ5EVLQU0sPOC1plh6p5pb8P3O6eS7XtXvRG4p7zBeLEPWZmQdDoMHKs7zFxen-x9Ykeov9oWduFUNG6hY5dR6Vfc.js?_nc_x=92StPt8c0FV, line 881: Error: Minified React error #422; visit https://reactjs.org/docs/error-decoder.html?invariant=422 for the full message or use the non-minified dev environment for full errors and additional helpful warnings.
JavaScript error: https://static.xx.fbcdn.net/rsrc.php/v3iFEq4/yR/l/makehaste_jhash/9ioKKCbPP7UT3fHalmZudKtuWbPXBSdZJsE7Wfgq5ga6R1RgOtGiBHjQ5EVLQU0sPOC1plh6p5pb8P3O6eS7XtXvRG4p7zBeLEPWZmQdDoMHKs7zFxen-x9Ykeov9oWduFUNG6hY5dR6Vfc.js?_nc_x=92StPt8c0FV, line 881: Error: Minified React error #418; visit https://reactjs.org/docs/error-decoder.html?invariant=418 for the full message or use the non-minified dev environment for full errors and additional helpful warnings.
JavaScript error: https://static.xx.fbcdn.net/rsrc.php/v3iFEq4/yR/l/makehaste_jhash/9ioKKCbPP7UT3fHalmZudKtuWbPXBSdZJsE7Wfgq5ga6R1RgOtGiBHjQ5EVLQU0sPOC1plh6p5pb8P3O6eS7XtXvRG4p7zBeLEPWZmQdDoMHKs7zFxen-x9Ykeov9oWduFUNG6hY5dR6Vfc.js?_nc_x=92StPt8c0FV, line 881: Error: Minified React error #422; visit https://reactjs.org/docs/error-decoder.html?invariant=422 for the full message or use the non-minified dev environment for full errors and additional helpful warnings.
JavaScript error: , line 0: NS_ERROR_NOT_AVAILABLE
JavaScript error: https://static.xx.fbcdn.net/rsrc.php/v3iFEq4/yR/l/makehaste_jhash/9ioKKCbPP7UT3fHalmZudKtuWbPXBSdZJsE7Wfgq5ga6R1RgOtGiBHjQ5EVLQU0sPOC1plh6p5pb8P3O6eS7XtXvRG4p7zBeLEPWZmQdDoMHKs7zFxen-x9Ykeov9oWduFUNG6hY5dR6Vfc.js?_nc_x=92StPt8c0FV, line 881: Error: Minified React error #418; visit https://reactjs.org/docs/error-decoder.html?invariant=418 for the full message or use the non-minified dev environment for full errors and additional helpful warnings.
JavaScript error: https://static.xx.fbcdn.net/rsrc.php/v3iFEq4/yR/l/makehaste_jhash/9ioKKCbPP7UT3fHalmZudKtuWbPXBSdZJsE7Wfgq5ga6R1RgOtGiBHjQ5EVLQU0sPOC1plh6p5pb8P3O6eS7XtXvRG4p7zBeLEPWZmQdDoMHKs7zFxen-x9Ykeov9oWduFUNG6hY5dR6Vfc.js?_nc_x=92StPt8c0FV, line 881: Error: Minified React error #422; visit https://reactjs.org/docs/error-decoder.html?invariant=422 for the full message or use the non-minified dev environment for full errors and additional helpful warnings.
JavaScript error: https://static.xx.fbcdn.net/rsrc.php/v3iFEq4/yR/l/makehaste_jhash/9ioKKCbPP7UT3fHalmZudKtuWbPXBSdZJsE7Wfgq5ga6R1RgOtGiBHjQ5EVLQU0sPOC1plh6p5pb8P3O6eS7XtXvRG4p7zBeLEPWZmQdDoMHKs7zFxen-x9Ykeov9oWduFUNG6hY5dR6Vfc.js?_nc_x=92StPt8c0FV, line 881: Error: Minified React error #418; visit https://reactjs.org/docs/error-decoder.html?invariant=418 for the full message or use the non-minified dev environment for full errors and additional helpful warnings.
JavaScript error: https://static.xx.fbcdn.net/rsrc.php/v3iFEq4/yR/l/makehaste_jhash/9ioKKCbPP7UT3fHalmZudKtuWbPXBSdZJsE7Wfgq5ga6R1RgOtGiBHjQ5EVLQU0sPOC1plh6p5pb8P3O6eS7XtXvRG4p7zBeLEPWZmQdDoMHKs7zFxen-x9Ykeov9oWduFUNG6hY5dR6Vfc.js?_nc_x=92StPt8c0FV, line 881: Error: Minified React error #422; visit https://reactjs.org/docs/error-decoder.html?invariant=422 for the full message or use the non-minified dev environment for full errors and additional helpful warnings.
1669843853692	Marionette	WARN	TimedPromise timed out after 500 ms: stacktrace:
TimedPromise/<@chrome://remote/content/marionette/sync.sys.mjs:220:24
TimedPromise@chrome://remote/content/marionette/sync.sys.mjs:205:10
interaction.flushEventLoop@chrome://remote/content/marionette/interaction.sys.mjs:425:10
webdriverClickElement@chrome://remote/content/marionette/interaction.sys.mjs:173:31
JavaScript error: https://static.xx.fbcdn.net/rsrc.php/v3iFEq4/yR/l/makehaste_jhash/9ioKKCbPP7UT3fHalmZudKtuWbPXBSdZJsE7Wfgq5ga6R1RgOtGiBHjQ5EVLQU0sPOC1plh6p5pb8P3O6eS7XtXvRG4p7zBeLEPWZmQdDoMHKs7zFxen-x9Ykeov9oWduFUNG6hY5dR6Vfc.js?_nc_x=92StPt8c0FV, line 881: Error: Minified React error #418; visit https://reactjs.org/docs/error-decoder.html?invariant=418 for the full message or use the non-minified dev environment for full errors and additional helpful warnings.
JavaScript error: https://static.xx.fbcdn.net/rsrc.php/v3iFEq4/yR/l/makehaste_jhash/9ioKKCbPP7UT3fHalmZudKtuWbPXBSdZJsE7Wfgq5ga6R1RgOtGiBHjQ5EVLQU0sPOC1plh6p5pb8P3O6eS7XtXvRG4p7zBeLEPWZmQdDoMHKs7zFxen-x9Ykeov9oWduFUNG6hY5dR6Vfc.js?_nc_x=92StPt8c0FV, line 881: Error: Minified React error #422; visit https://reactjs.org/docs/error-decoder.html?invariant=422 for the full message or use the non-minified dev environment for full errors and additional helpful warnings.
JavaScript error: https://static.xx.fbcdn.net/rsrc.php/v3iFEq4/yR/l/makehaste_jhash/9ioKKCbPP7UT3fHalmZudKtuWbPXBSdZJsE7Wfgq5ga6R1RgOtGiBHjQ5EVLQU0sPOC1plh6p5pb8P3O6eS7XtXvRG4p7zBeLEPWZmQdDoMHKs7zFxen-x9Ykeov9oWduFUNG6hY5dR6Vfc.js?_nc_x=92StPt8c0FV, line 881: Error: Minified React error #418; visit https://reactjs.org/docs/error-decoder.html?invariant=418 for the full message or use the non-minified dev environment for full errors and additional helpful warnings.
JavaScript error: https://static.xx.fbcdn.net/rsrc.php/v3iFEq4/yR/l/makehaste_jhash/9ioKKCbPP7UT3fHalmZudKtuWbPXBSdZJsE7Wfgq5ga6R1RgOtGiBHjQ5EVLQU0sPOC1plh6p5pb8P3O6eS7XtXvRG4p7zBeLEPWZmQdDoMHKs7zFxen-x9Ykeov9oWduFUNG6hY5dR6Vfc.js?_nc_x=92StPt8c0FV, line 881: Error: Minified React error #422; visit https://reactjs.org/docs/error-decoder.html?invariant=422 for the full message or use the non-minified dev environment for full errors and additional helpful warnings.
1669843959905	Marionette	WARN	TimedPromise timed out after 500 ms: stacktrace:
TimedPromise/<@chrome://remote/content/marionette/sync.sys.mjs:220:24
TimedPromise@chrome://remote/content/marionette/sync.sys.mjs:205:10
interaction.flushEventLoop@chrome://remote/content/marionette/interaction.sys.mjs:425:10
webdriverClickElement@chrome://remote/content/marionette/interaction.sys.mjs:173:31
JavaScript error: https://static.xx.fbcdn.net/rsrc.php/v3iFEq4/yR/l/makehaste_jhash/9ioKKCbPP7UT3fHalmZudKtuWbPXBSdZJsE7Wfgq5ga6R1RgOtGiBHjQ5EVLQU0sPOC1plh6p5pb8P3O6eS7XtXvRG4p7zBeLEPWZmQdDoMHKs7zFxen-x9Ykeov9oWduFUNG6hY5dR6Vfc.js?_nc_x=92StPt8c0FV, line 881: Error: Minified React error #418; visit https://reactjs.org/docs/error-decoder.html?invariant=418 for the full message or use the non-minified dev environment for full errors and additional helpful warnings.
JavaScript error: https://static.xx.fbcdn.net/rsrc.php/v3iFEq4/yR/l/makehaste_jhash/9ioKKCbPP7UT3fHalmZudKtuWbPXBSdZJsE7Wfgq5ga6R1RgOtGiBHjQ5EVLQU0sPOC1plh6p5pb8P3O6eS7XtXvRG4p7zBeLEPWZmQdDoMHKs7zFxen-x9Ykeov9oWduFUNG6hY5dR6Vfc.js?_nc_x=92StPt8c0FV, line 881: Error: Minified React error #422; visit https://reactjs.org/docs/error-decoder.html?invariant=422 for the full message or use the non-minified dev environment for full errors and additional helpful warnings.
JavaScript error: https://static.xx.fbcdn.net/rsrc.php/v3iFEq4/yR/l/makehaste_jhash/9ioKKCbPP7UT3fHalmZudKtuWbPXBSdZJsE7Wfgq5ga6R1RgOtGiBHjQ5EVLQU0sPOC1plh6p5pb8P3O6eS7XtXvRG4p7zBeLEPWZmQdDoMHKs7zFxen-x9Ykeov9oWduFUNG6hY5dR6Vfc.js?_nc_x=92StPt8c0FV, line 881: Error: Minified React error #418; visit https://reactjs.org/docs/error-decoder.html?invariant=418 for the full message or use the non-minified dev environment for full errors and additional helpful warnings.
JavaScript error: https://static.xx.fbcdn.net/rsrc.php/v3iFEq4/yR/l/makehaste_jhash/9ioKKCbPP7UT3fHalmZudKtuWbPXBSdZJsE7Wfgq5ga6R1RgOtGiBHjQ5EVLQU0sPOC1plh6p5pb8P3O6eS7XtXvRG4p7zBeLEPWZmQdDoMHKs7zFxen-x9Ykeov9oWduFUNG6hY5dR6Vfc.js?_nc_x=92StPt8c0FV, line 881: Error: Minified React error #422; visit https://reactjs.org/docs/error-decoder.html?invariant=422 for the full message or use the non-minified dev environment for full errors and additional helpful warnings.
JavaScript error: https://static.xx.fbcdn.net/rsrc.php/v3iFEq4/yR/l/makehaste_jhash/9ioKKCbPP7UT3fHalmZudKtuWbPXBSdZJsE7Wfgq5ga6R1RgOtGiBHjQ5EVLQU0sPOC1plh6p5pb8P3O6eS7XtXvRG4p7zBeLEPWZmQdDoMHKs7zFxen-x9Ykeov9oWduFUNG6hY5dR6Vfc.js?_nc_x=92StPt8c0FV, line 881: Error: Minified React error #418; visit https://reactjs.org/docs/error-decoder.html?invariant=418 for the full message or use the non-minified dev environment for full errors and additional helpful warnings.
JavaScript error: https://static.xx.fbcdn.net/rsrc.php/v3iFEq4/yR/l/makehaste_jhash/9ioKKCbPP7UT3fHalmZudKtuWbPXBSdZJsE7Wfgq5ga6R1RgOtGiBHjQ5EVLQU0sPOC1plh6p5pb8P3O6eS7XtXvRG4p7zBeLEPWZmQdDoMHKs7zFxen-x9Ykeov9oWduFUNG6hY5dR6Vfc.js?_nc_x=92StPt8c0FV, line 881: Error: Minified React error #422; visit https://reactjs.org/docs/error-decoder.html?invariant=422 for the full message or use the non-minified dev environment for full errors and additional helpful warnings.
1669844124409	Marionette	WARN	TimedPromise timed out after 500 ms: stacktrace:
TimedPromise/<@chrome://remote/content/marionette/sync.sys.mjs:220:24
TimedPromise@chrome://remote/content/marionette/sync.sys.mjs:205:10
interaction.flushEventLoop@chrome://remote/content/marionette/interaction.sys.mjs:425:10
webdriverClickElement@chrome://remote/content/marionette/interaction.sys.mjs:173:31
JavaScript error: https://static.xx.fbcdn.net/rsrc.php/v3iFEq4/yR/l/makehaste_jhash/9ioKKCbPP7UT3fHalmZudKtuWbPXBSdZJsE7Wfgq5ga6R1RgOtGiBHjQ5EVLQU0sPOC1plh6p5pb8P3O6eS7XtXvRG4p7zBeLEPWZmQdDoMHKs7zFxen-x9Ykeov9oWduFUNG6hY5dR6Vfc.js?_nc_x=92StPt8c0FV, line 881: Error: Minified React error #418; visit https://reactjs.org/docs/error-decoder.html?invariant=418 for the full message or use the non-minified dev environment for full errors and additional helpful warnings.
JavaScript error: https://static.xx.fbcdn.net/rsrc.php/v3iFEq4/yR/l/makehaste_jhash/9ioKKCbPP7UT3fHalmZudKtuWbPXBSdZJsE7Wfgq5ga6R1RgOtGiBHjQ5EVLQU0sPOC1plh6p5pb8P3O6eS7XtXvRG4p7zBeLEPWZmQdDoMHKs7zFxen-x9Ykeov9oWduFUNG6hY5dR6Vfc.js?_nc_x=92StPt8c0FV, line 881: Error: Minified React error #422; visit https://reactjs.org/docs/error-decoder.html?invariant=422 for the full message or use the non-minified dev environment for full errors and additional helpful warnings.
1669844186722	Marionette	WARN	TimedPromise timed out after 500 ms: stacktrace:
TimedPromise/<@chrome://remote/content/marionette/sync.sys.mjs:220:24
TimedPromise@chrome://remote/content/marionette/sync.sys.mjs:205:10
interaction.flushEventLoop@chrome://remote/content/marionette/interaction.sys.mjs:425:10
webdriverClickElement@chrome://remote/content/marionette/interaction.sys.mjs:173:31
JavaScript error: https://static.xx.fbcdn.net/rsrc.php/v3iFEq4/yR/l/makehaste_jhash/9ioKKCbPP7UT3fHalmZudKtuWbPXBSdZJsE7Wfgq5ga6R1RgOtGiBHjQ5EVLQU0sPOC1plh6p5pb8P3O6eS7XtXvRG4p7zBeLEPWZmQdDoMHKs7zFxen-x9Ykeov9oWduFUNG6hY5dR6Vfc.js?_nc_x=92StPt8c0FV, line 881: Error: Minified React error #418; visit https://reactjs.org/docs/error-decoder.html?invariant=418 for the full message or use the non-minified dev environment for full errors and additional helpful warnings.
JavaScript error: https://static.xx.fbcdn.net/rsrc.php/v3iFEq4/yR/l/makehaste_jhash/9ioKKCbPP7UT3fHalmZudKtuWbPXBSdZJsE7Wfgq5ga6R1RgOtGiBHjQ5EVLQU0sPOC1plh6p5pb8P3O6eS7XtXvRG4p7zBeLEPWZmQdDoMHKs7zFxen-x9Ykeov9oWduFUNG6hY5dR6Vfc.js?_nc_x=92StPt8c0FV, line 881: Error: Minified React error #422; visit https://reactjs.org/docs/error-decoder.html?invariant=422 for the full message or use the non-minified dev environment for full errors and additional helpful warnings.
JavaScript error: https://static.xx.fbcdn.net/rsrc.php/v3iFEq4/yR/l/makehaste_jhash/9ioKKCbPP7UT3fHalmZudKtuWbPXBSdZJsE7Wfgq5ga6R1RgOtGiBHjQ5EVLQU0sPOC1plh6p5pb8P3O6eS7XtXvRG4p7zBeLEPWZmQdDoMHKs7zFxen-x9Ykeov9oWduFUNG6hY5dR6Vfc.js?_nc_x=92StPt8c0FV, line 881: Error: Minified React error #418; visit https://reactjs.org/docs/error-decoder.html?invariant=418 for the full message or use the non-minified dev environment for full errors and additional helpful warnings.
JavaScript error: https://static.xx.fbcdn.net/rsrc.php/v3iFEq4/yR/l/makehaste_jhash/9ioKKCbPP7UT3fHalmZudKtuWbPXBSdZJsE7Wfgq5ga6R1RgOtGiBHjQ5EVLQU0sPOC1plh6p5pb8P3O6eS7XtXvRG4p7zBeLEPWZmQdDoMHKs7zFxen-x9Ykeov9oWduFUNG6hY5dR6Vfc.js?_nc_x=92StPt8c0FV, line 881: Error: Minified React error #422; visit https://reactjs.org/docs/error-decoder.html?invariant=422 for the full message or use the non-minified dev environment for full errors and additional helpful warnings.
1669844290869	Marionette	WARN	TimedPromise timed out after 500 ms: stacktrace:
TimedPromise/<@chrome://remote/content/marionette/sync.sys.mjs:220:24
TimedPromise@chrome://remote/content/marionette/sync.sys.mjs:205:10
interaction.flushEventLoop@chrome://remote/content/marionette/interaction.sys.mjs:425:10
webdriverClickElement@chrome://remote/content/marionette/interaction.sys.mjs:173:31
JavaScript error: https://static.xx.fbcdn.net/rsrc.php/v3iFEq4/yR/l/makehaste_jhash/9ioKKCbPP7UT3fHalmZudKtuWbPXBSdZJsE7Wfgq5ga6R1RgOtGiBHjQ5EVLQU0sPOC1plh6p5pb8P3O6eS7XtXvRG4p7zBeLEPWZmQdDoMHKs7zFxen-x9Ykeov9oWduFUNG6hY5dR6Vfc.js?_nc_x=92StPt8c0FV, line 881: Error: Minified React error #418; visit https://reactjs.org/docs/error-decoder.html?invariant=418 for the full message or use the non-minified dev environment for full errors and additional helpful warnings.
JavaScript error: https://static.xx.fbcdn.net/rsrc.php/v3iFEq4/yR/l/makehaste_jhash/9ioKKCbPP7UT3fHalmZudKtuWbPXBSdZJsE7Wfgq5ga6R1RgOtGiBHjQ5EVLQU0sPOC1plh6p5pb8P3O6eS7XtXvRG4p7zBeLEPWZmQdDoMHKs7zFxen-x9Ykeov9oWduFUNG6hY5dR6Vfc.js?_nc_x=92StPt8c0FV, line 881: Error: Minified React error #422; visit https://reactjs.org/docs/error-decoder.html?invariant=422 for the full message or use the non-minified dev environment for full errors and additional helpful warnings.
1669848241465	Marionette	INFO	Stopped listening on port 62646
console.warn: TopSitesFeed: Failed to fetch data from Contile server: NetworkError when attempting to fetch resource.
JavaScript error: https://static.xx.fbcdn.net/rsrc.php/v3iFEq4/yR/l/makehaste_jhash/9ioKKCbPP7UT3fHalmZudKtuWbPXBSdZJsE7Wfgq5ga6R1RgOtGiBHjQ5EVLQU0sPOC1plh6p5pb8P3O6eS7XtXvRG4p7zBeLEPWZmQdDoMHKs7zFxen-x9Ykeov9oWduFUNG6hY5dR6Vfc.js?_nc_x=92StPt8c0FV, line 1140: TypeError: can't access dead object
[Parent 18896, IPC I/O Parent] WARNING: file /builds/worker/checkouts/gecko/ipc/chromium/src/base/process_util_win.cc:167

###!!! [Parent][DispatchAsyncMessage] Error: PBackground::Msg_PBackgroundLSRequestConstructor Value error: message was deserialized, but contained an illegal value

